[22-Apr-2025 23:50:48 UTC] PHP Fatal error:  Out of memory (allocated 37748736) (tried to allocate 20480 bytes) in /workspaces/UX221-Final-Exam/.wordpress/wp-includes/functions.php on line 4673
[22-Apr-2025 23:50:48 UTC] PHP Fatal error:  Out of memory (allocated 35651584) (tried to allocate 2097152 bytes) in /workspaces/UX221-Final-Exam/.wordpress/wp-content/plugins/ecommerce-product-catalog/templates/themes/theme-classic-grid.php on line 139
[22-Apr-2025 23:50:48 UTC] PHP Fatal error:  Uncaught Error: Call to undefined function ic_products_count() in /workspaces/UX221-Final-Exam/.wordpress/wp-content/plugins/ecommerce-product-catalog/includes/tracking.php:117
Stack trace:
#0 /workspaces/UX221-Final-Exam/.wordpress/wp-content/plugins/ecommerce-product-catalog/includes/tracking.php(551): IC_EPC_Tracking->setup_data()
#1 /workspaces/UX221-Final-Exam/.wordpress/wp-content/plugins/ecommerce-product-catalog/includes/tracking.php(481): IC_EPC_Tracking->send_paused_checkin(Array, true)
#2 [internal function]: IC_EPC_Tracking->fatal()
#3 {main}
  thrown in /workspaces/UX221-Final-Exam/.wordpress/wp-content/plugins/ecommerce-product-catalog/includes/tracking.php on line 117
[22-Apr-2025 23:50:59 UTC] PHP Fatal error:  Out of memory (allocated 33554432) (tried to allocate 2097152 bytes) in /workspaces/UX221-Final-Exam/.wordpress/wp-content/plugins/ecommerce-product-catalog/templates/themes/theme-classic-grid.php on line 139
[22-Apr-2025 23:50:59 UTC] PHP Fatal error:  Uncaught Error: Call to undefined function ic_products_count() in /workspaces/UX221-Final-Exam/.wordpress/wp-content/plugins/ecommerce-product-catalog/includes/tracking.php:117
Stack trace:
#0 /workspaces/UX221-Final-Exam/.wordpress/wp-content/plugins/ecommerce-product-catalog/includes/tracking.php(551): IC_EPC_Tracking->setup_data()
#1 /workspaces/UX221-Final-Exam/.wordpress/wp-content/plugins/ecommerce-product-catalog/includes/tracking.php(481): IC_EPC_Tracking->send_paused_checkin(Array, true)
#2 [internal function]: IC_EPC_Tracking->fatal()
#3 {main}
  thrown in /workspaces/UX221-Final-Exam/.wordpress/wp-content/plugins/ecommerce-product-catalog/includes/tracking.php on line 117
[22-Apr-2025 23:51:03 UTC] PHP Fatal error:  Out of memory (allocated 31457280) (tried to allocate 2097152 bytes) in /workspaces/UX221-Final-Exam/.wordpress/wp-content/plugins/ecommerce-product-catalog/templates/themes/theme-classic-grid.php on line 177
[22-Apr-2025 23:51:03 UTC] PHP Fatal error:  Uncaught Error: Call to undefined function ic_products_count() in /workspaces/UX221-Final-Exam/.wordpress/wp-content/plugins/ecommerce-product-catalog/includes/tracking.php:117
Stack trace:
#0 /workspaces/UX221-Final-Exam/.wordpress/wp-content/plugins/ecommerce-product-catalog/includes/tracking.php(551): IC_EPC_Tracking->setup_data()
#1 /workspaces/UX221-Final-Exam/.wordpress/wp-content/plugins/ecommerce-product-catalog/includes/tracking.php(481): IC_EPC_Tracking->send_paused_checkin(Array, true)
#2 [internal function]: IC_EPC_Tracking->fatal()
#3 {main}
  thrown in /workspaces/UX221-Final-Exam/.wordpress/wp-content/plugins/ecommerce-product-catalog/includes/tracking.php on line 117
[22-Apr-2025 23:51:04 UTC] PHP Fatal error:  Out of memory (allocated 29360128) (tried to allocate 2097152 bytes) in /workspaces/UX221-Final-Exam/.wordpress/wp-content/plugins/ecommerce-product-catalog/theme-product_adder_support.php on line 336
[22-Apr-2025 23:51:04 UTC] PHP Fatal error:  Uncaught Error: Call to undefined function ic_products_count() in /workspaces/UX221-Final-Exam/.wordpress/wp-content/plugins/ecommerce-product-catalog/includes/tracking.php:117
Stack trace:
#0 /workspaces/UX221-Final-Exam/.wordpress/wp-content/plugins/ecommerce-product-catalog/includes/tracking.php(551): IC_EPC_Tracking->setup_data()
#1 /workspaces/UX221-Final-Exam/.wordpress/wp-content/plugins/ecommerce-product-catalog/includes/tracking.php(481): IC_EPC_Tracking->send_paused_checkin(Array, true)
#2 [internal function]: IC_EPC_Tracking->fatal()
#3 {main}
  thrown in /workspaces/UX221-Final-Exam/.wordpress/wp-content/plugins/ecommerce-product-catalog/includes/tracking.php on line 117
[23-Apr-2025 00:04:20 UTC] PHP Warning:  Undefined property: WP_Ajax_Upgrader_Skin::$api in /workspaces/UX221-Final-Exam/.wordpress/wp-admin/includes/class-theme-upgrader.php on line 160
[23-Apr-2025 00:05:06 UTC] PHP Warning:  Undefined variable $parent_theme_name in /workspaces/UX221-Final-Exam/.wordpress/wp-content/mu-plugins/one-click-child-theme/templates/create_child_form.php on line 18
